app/build/outputs/logs/manifest-merger-debug-report.txt
-- Merging decision tree log ---
manifest
ADDED from src\main\AndroidManifest.xml:2:1-16:12
INJECTED from src\main\AndroidManifest.xml:2:1-16:12
INJECTED from src\main\AndroidManifest.xml:2:1-16:12
INJECTED from src\main\AndroidManifest.xml:2:1-16:12
MERGED from [:CordovaLib] AndroidManifest.xml:20:1-27:12
MERGED from [com.android.support.constraint:constraint-layout:1.1.3] AndroidManifest.xml:2:1-11:12
INJECTED from src\main\AndroidManifest.xml:2:1-16:12
INJECTED from src\main\AndroidManifest.xml:2:1-16:12
INJECTED from src\main\AndroidManifest.xml:2:1-16:12
	package
		ADDED from src\main\AndroidManifest.xml:2:98-124
		INJECTED from src\main\AndroidManifest.xml
		INJECTED from src\main\AndroidManifest.xml
	android:versionName
		ADDED from src\main\AndroidManifest.xml:2:70-97
		INJECTED from src\main\AndroidManifest.xml
		INJECTED from src\main\AndroidManifest.xml
	android:hardwareAccelerated
		ADDED from src\main\AndroidManifest.xml:2:11-45
	xmlns:android
		ADDED from src\main\AndroidManifest.xml:2:125-183
	android:versionCode
		ADDED from src\main\AndroidManifest.xml:2:46-69
		INJECTED from src\main\AndroidManifest.xml
		INJECTED from src\main\AndroidManifest.xml
uses-sdk
ADDED from src\main\AndroidManifest.xml:3:5-74
INJECTED from src\main\AndroidManifest.xml:3:5-74
MERGED from [:CordovaLib] AndroidManifest.xml:25:5-44
MERGED from [:CordovaLib] AndroidManifest.xml:25:5-44
MERGED from [com.android.support.constraint:constraint-layout:1.1.3] AndroidManifest.xml:5:5-7:41
MERGED from [com.android.support.constraint:constraint-layout:1.1.3] AndroidManifest.xml:5:5-7:41
INJECTED from src\main\AndroidManifest.xml:3:5-74
	android:targetSdkVersion
		ADDED from src\main\AndroidManifest.xml:3:42-71
	android:minSdkVersion
		ADDED from src\main\AndroidManifest.xml:3:15-41
		INJECTED from src\main\AndroidManifest.xml
		INJECTED from src\main\AndroidManifest.xml
supports-screens
ADDED from src\main\AndroidManifest.xml:4:5-191
	android:largeScreens
		ADDED from src\main\AndroidManifest.xml:4:49-76
	android:smallScreens
		ADDED from src\main\AndroidManifest.xml:4:132-159
	android:normalScreens
		ADDED from src\main\AndroidManifest.xml:4:77-105
	android:xlargeScreens
		ADDED from src\main\AndroidManifest.xml:4:160-188
	android:resizeable
		ADDED from src\main\AndroidManifest.xml:4:106-131
	android:anyDensity
		ADDED from src\main\AndroidManifest.xml:4:23-48
uses-permission#android.permission.INTERNET
ADDED from src\main\AndroidManifest.xml:5:5-67
	android:name
		ADDED from src\main\AndroidManifest.xml:5:22-64
application
ADDED from src\main\AndroidManifest.xml:6:5-15:19
MERGED from [com.android.support.constraint:constraint-layout:1.1.3] AndroidManifest.xml:9:5-20
MERGED from [com.android.support.constraint:constraint-layout:1.1.3] AndroidManifest.xml:9:5-20
	android:supportsRtl
		ADDED from src\main\AndroidManifest.xml:6:175-201
	android:label
		ADDED from src\main\AndroidManifest.xml:6:81-113
	android:hardwareAccelerated
		ADDED from src\main\AndroidManifest.xml:6:18-52
	android:icon
		ADDED from src\main\AndroidManifest.xml:6:53-80
	android:networkSecurityConfig
		ADDED from src\main\AndroidManifest.xml:6:114-174
activity#cordova.plugin.greatdayatt.AttActivity
ADDED from src\main\AndroidManifest.xml:7:9-8:20
	android:launchMode
		ADDED from src\main\AndroidManifest.xml:7:19-49
	android:name
		ADDED from src\main\AndroidManifest.xml:7:50-103
activity#io.ionic.starter.MainActivity
ADDED from src\main\AndroidManifest.xml:9:9-14:20
	android:label
		ADDED from src\main\AndroidManifest.xml:9:97-134
	android:launchMode
		ADDED from src\main\AndroidManifest.xml:9:135-165
	android:windowSoftInputMode
		ADDED from src\main\AndroidManifest.xml:9:258-300
	android:configChanges
		ADDED from src\main\AndroidManifest.xml:9:19-96
	android:theme
		ADDED from src\main\AndroidManifest.xml:9:195-257
	android:name
		ADDED from src\main\AndroidManifest.xml:9:166-194
intent-filter#action:name:android.intent.action.MAIN+category:name:android.intent.category.LAUNCHER
ADDED from src\main\AndroidManifest.xml:10:13-13:29
	android:label
		ADDED from src\main\AndroidManifest.xml:10:28-65
action#android.intent.action.MAIN
ADDED from src\main\AndroidManifest.xml:11:17-69
	android:name
		ADDED from src\main\AndroidManifest.xml:11:25-66
category#android.intent.category.LAUNCHER
ADDED from src\main\AndroidManifest.xml:12:17-77
	android:name
		ADDED from src\main\AndroidManifest.xml:12:27-74